2019-05-24 17:58:03,291 INFO o.a.j.u.JMeterUtils: Setting Locale to zh_CN
2019-05-24 17:58:03,307 INFO o.a.j.JMeter: Loading user properties from: user.properties
2019-05-24 17:58:03,317 INFO o.a.j.JMeter: Loading system properties from: system.properties
2019-05-24 17:58:03,326 INFO o.a.j.JMeter: Setting JMeter property: jmeter.save.saveservice.output_format=xml
2019-05-24 17:58:03,330 INFO o.a.j.JMeter: Copyright (c) 1998-2018 The Apache Software Foundation
2019-05-24 17:58:03,330 INFO o.a.j.JMeter: Version 5.0 r1840935
2019-05-24 17:58:03,331 INFO o.a.j.JMeter: java.version=1.8.0_181
2019-05-24 17:58:03,331 INFO o.a.j.JMeter: java.vm.name=Java HotSpot(TM) 64-Bit Server VM
2019-05-24 17:58:03,331 INFO o.a.j.JMeter: os.name=Windows 7
2019-05-24 17:58:03,331 INFO o.a.j.JMeter: os.arch=amd64
2019-05-24 17:58:03,331 INFO o.a.j.JMeter: os.version=6.1
2019-05-24 17:58:03,331 INFO o.a.j.JMeter: file.encoding=GBK
2019-05-24 17:58:03,331 INFO o.a.j.JMeter: Max memory     =1888485376
2019-05-24 17:58:03,331 INFO o.a.j.JMeter: Available Processors =4
2019-05-24 17:58:03,339 INFO o.a.j.JMeter: Default Locale=中文 (中国)
2019-05-24 17:58:03,339 INFO o.a.j.JMeter: JMeter  Locale=中文 (中国)
2019-05-24 17:58:03,339 INFO o.a.j.JMeter: JMeterHome=E:\久其软件\自动化测试\apache-jmeter-5.0
2019-05-24 17:58:03,339 INFO o.a.j.JMeter: user.dir  =E:\久其软件\自动化测试\apache-jmeter-5.0\bin
2019-05-24 17:58:03,339 INFO o.a.j.JMeter: PWD       =E:\久其软件\自动化测试\apache-jmeter-5.0\bin
2019-05-24 17:58:03,401 INFO o.a.j.JMeter: IP: 10.31.0.59 Name: jq-PC FullName: 10.31.0.59
2019-05-24 17:58:03,404 INFO o.a.j.s.FileServer: Default base='E:\久其软件\自动化测试\apache-jmeter-5.0\bin'
2019-05-24 17:58:03,408 INFO o.a.j.s.FileServer: Set new base='E:\久其软件\自动化测试\apache-jmeter-5.0\report\run'
2019-05-24 17:58:03,572 INFO o.a.j.s.SaveService: Testplan (JMX) version: 2.2. Testlog (JTL) version: 2.2
2019-05-24 17:58:03,599 INFO o.a.j.s.SaveService: Using SaveService properties file encoding UTF-8
2019-05-24 17:58:03,605 INFO o.a.j.s.SaveService: Using SaveService properties version 5.0
2019-05-24 17:58:03,611 INFO o.a.j.s.SaveService: Loading file: E:\久其软件\自动化测试\apache-jmeter-5.0\report\run\abc.jmx
2019-05-24 17:58:03,678 INFO o.a.j.p.h.c.CookieManager: Settings: Delete null: true Check: true Allow variable: true Save: false Prefix: COOKIE_
2019-05-24 17:58:03,707 INFO o.a.j.p.h.s.HTTPSamplerBase: Parser for text/html is org.apache.jmeter.protocol.http.parser.LagartoBasedHtmlParser
2019-05-24 17:58:03,707 INFO o.a.j.p.h.s.HTTPSamplerBase: Parser for application/xhtml+xml is org.apache.jmeter.protocol.http.parser.LagartoBasedHtmlParser
2019-05-24 17:58:03,707 INFO o.a.j.p.h.s.HTTPSamplerBase: Parser for application/xml is org.apache.jmeter.protocol.http.parser.LagartoBasedHtmlParser
2019-05-24 17:58:03,707 INFO o.a.j.p.h.s.HTTPSamplerBase: Parser for text/xml is org.apache.jmeter.protocol.http.parser.LagartoBasedHtmlParser
2019-05-24 17:58:03,707 INFO o.a.j.p.h.s.HTTPSamplerBase: Parser for text/vnd.wap.wml is org.apache.jmeter.protocol.http.parser.RegexpHTMLParser
2019-05-24 17:58:03,707 INFO o.a.j.p.h.s.HTTPSamplerBase: Parser for text/css is org.apache.jmeter.protocol.http.parser.CssParser
2019-05-24 17:58:03,748 INFO o.a.j.JMeter: Creating summariser <summary>
2019-05-24 17:58:03,751 INFO o.a.j.e.StandardJMeterEngine: Running the test!
2019-05-24 17:58:03,752 INFO o.a.j.s.SampleEvent: List of sample_variables: []
2019-05-24 17:58:03,753 INFO o.a.j.s.SampleEvent: List of sample_variables: []
2019-05-24 17:58:03,757 INFO o.a.j.e.u.CompoundVariable: Note: Function class names must contain the string: '.functions.'
2019-05-24 17:58:03,757 INFO o.a.j.e.u.CompoundVariable: Note: Function class names must not contain the string: '.gui.'
2019-05-24 17:58:04,436 INFO o.a.j.JMeter: 正在运行的测试 (1558691884436)
2019-05-24 17:58:04,485 INFO o.a.j.e.StandardJMeterEngine: Starting ThreadGroup: 1 : Thread Group
2019-05-24 17:58:04,485 INFO o.a.j.e.StandardJMeterEngine: Starting 2 threads for group Thread Group.
2019-05-24 17:58:04,501 INFO o.a.j.e.StandardJMeterEngine: Thread will continue on error
2019-05-24 17:58:04,501 INFO o.a.j.t.ThreadGroup: Starting thread group... number=1 threads=2 ramp-up=1 perThread=500.0 delayedStart=false
2019-05-24 17:58:04,508 INFO o.a.j.t.ThreadGroup: Started thread group number 1
2019-05-24 17:58:04,508 INFO o.a.j.e.StandardJMeterEngine: All thread groups have been started
2019-05-24 17:58:04,547 INFO o.a.j.t.JMeterThread: Thread started: Thread Group 1-1
2019-05-24 17:58:04,549 INFO o.a.j.c.LoopController: iterationStart called on Step 1 with source org.apache.jmeter.control.LoopController@1300c136 and iteration 1
2019-05-24 17:58:04,549 INFO o.a.j.s.FileServer: Stored: D:/login2.txt
2019-05-24 17:58:04,587 INFO o.a.j.p.h.s.HTTPJavaImpl: Maximum connection retries = 0
2019-05-24 17:58:04,588 INFO o.a.j.s.SampleResult: Note: Sample TimeStamps are START times
2019-05-24 17:58:04,588 INFO o.a.j.s.SampleResult: sampleresult.default.encoding is set to ISO-8859-1
2019-05-24 17:58:04,588 INFO o.a.j.s.SampleResult: sampleresult.useNanoTime=true
2019-05-24 17:58:04,588 INFO o.a.j.s.SampleResult: sampleresult.nanoThreadSleep=5000
2019-05-24 17:58:04,788 INFO o.a.j.r.Summariser: summary +      1 in 00:00:00 =    2.8/s Avg:   178 Min:   178 Max:   178 Err:     0 (0.00%) Active: 1 Started: 1 Finished: 0
2019-05-24 17:58:04,789 INFO o.a.j.t.JMeterThread: Thread is done: Thread Group 1-1
2019-05-24 17:58:04,789 INFO o.a.j.t.JMeterThread: Thread finished: Thread Group 1-1
2019-05-24 17:58:05,047 INFO o.a.j.t.JMeterThread: Thread started: Thread Group 1-2
2019-05-24 17:58:05,047 INFO o.a.j.c.LoopController: iterationStart called on Step 1 with source org.apache.jmeter.control.LoopController@4aec5e83 and iteration 1
2019-05-24 17:58:05,050 INFO o.a.j.p.h.c.HC4CookieHandler: Not storing invalid cookie: <ACEGI_SECURITY_HASHED_REMEMBER_ME_COOKIE=;Path=/;Expires=Thu, 01-Jan-1970 00:00:00 GMT;Max-Age=0;HttpOnly> for URL http://localhost:8080/j_acegi_security_check (Cookie name may not contain blanks)
2019-05-24 17:58:05,062 ERROR o.a.j.p.h.s.HTTPJavaImpl: readResponse: java.io.IOException: Server returned HTTP response code: 401 for URL: http://localhost:8080/loginError
2019-05-24 17:58:05,062 ERROR o.a.j.p.h.s.HTTPJavaImpl: Cause: java.io.IOException: Server returned HTTP response code: 401 for URL: http://localhost:8080/loginError
2019-05-24 17:58:05,062 INFO o.a.j.p.h.s.HTTPJavaImpl: Error Response Code: 401
2019-05-24 17:58:05,064 INFO o.a.j.t.JMeterThread: Thread is done: Thread Group 1-2
2019-05-24 17:58:05,064 INFO o.a.j.t.JMeterThread: Thread finished: Thread Group 1-2
2019-05-24 17:58:05,064 INFO o.a.j.e.StandardJMeterEngine: Notifying test listeners of end of test
2019-05-24 17:58:05,064 INFO o.a.j.s.FileServer: Close: D:/login2.txt
2019-05-24 17:58:05,065 INFO o.a.j.r.Summariser: summary +      1 in 00:00:00 =    3.6/s Avg:    15 Min:    15 Max:    15 Err:     0 (0.00%) Active: 0 Started: 2 Finished: 2
2019-05-24 17:58:05,066 INFO o.a.j.r.Summariser: summary =      2 in 00:00:01 =    3.2/s Avg:    96 Min:    15 Max:   178 Err:     0 (0.00%)
